Arguments: 
  C:\Program Files\nodejs\node.exe C:\Program Files (x86)\Yarn\bin\yarn.js

PATH: 
  C:\Users\atheu\bin;C:\Program Files\Git\mingw64\bin;C:\Program Files\Git\usr\local\bin;C:\Program Files\Git\usr\bin;C:\Program Files\Git\usr\bin;C:\Program Files\Git\mingw64\bin;C:\Program Files\Git\usr\bin;C:\Users\atheu\bin;C:\tools\ruby23\bin;C:\Program Files (x86)\Intel\iCLS Client;C:\Program Files\Intel\iCLS Client;C:\Windows\system32;C:\Windows;C:\Windows\System32\Wbem;C:\Windows\System32\WindowsPowerShell\v1.0;C:\Program Files (x86)\Intel\Intel(R) Management Engine Components\DAL;C:\Program Files\Intel\Intel(R) Management Engine Components\DAL;C:\Program Files (x86)\Intel\Intel(R) Management Engine Components\IPT;C:\Program Files\Intel\Intel(R) Management Engine Components\IPT;C:\Program Files (x86)\NVIDIA Corporation\PhysX\Common;C:\WINDOWS\system32;C:\WINDOWS;C:\WINDOWS\System32\Wbem;C:\WINDOWS\System32\WindowsPowerShell\v1.0;C:\ProgramData\chocolatey\bin;C:\Program Files (x86)\Windows Live\Shared;C:\Program Files\Git\cmd;C:\Program Files (x86)\Brackets\command;C:\Program Files (x86)\Skype\Phone;C:\Program Files\nodejs;C:\Program Files (x86)\Yarn\bin;C:\Ruby23-x64\bin;C:\Users\atheu\AppData\Local\Programs\Python\Python35-32\Scripts;C:\Users\atheu\AppData\Local\Programs\Python\Python35-32;C:\Users\atheu\AppData\Local\Microsoft\WindowsApps;C:\Users\atheu\AppData\Local\atom\bin;C:\Program Files\Git\usr\bin\git.exe;C:\Program Files\Git\cmd;C:\Users\atheu\.ssh;C:\Users\atheu\AppData\Local\Microsoft\WindowsApps;C:\Program Files (x86)\Microsoft VS Code\bin;C:\Users\atheu\AppData\Roaming\npm;C:\Users\atheu\AppData\Local\Yarn\bin;C:\Program Files\Git\usr\bin\vendor_perl;C:\Program Files\Git\usr\bin\core_perl

Yarn version: 
  1.0.2

Node version: 
  6.11.1

Platform: 
  win32 x64

npm manifest: 
  {
    "name": "frontend-template",
    "description": "The template for quick start of web project with Gulp, Bower etc.",
    "version": "1.0.0",
  
    "repository": "git@github.com:egorkir/frontend-template.git",
    "author": "EgorKir <atheus92@gmail.com>",
    "license": "MIT",
  
    "main": "gulpfile.js",
  
    "scripts": {
        "gulp": ".node_modules/.bin/gulp",
    },
  
  }

yarn manifest: 
  No manifest

Lockfile: 
  No lockfile

Trace: 
  SyntaxError: D:\work\mywork\frontend-template\package.json: Unexpected token } in JSON at position 355
      at Object.parse (native)
      at C:\Program Files (x86)\Yarn\lib\cli.js:797:57
      at next (native)
      at step (C:\Program Files (x86)\Yarn\lib\cli.js:92:30)
      at C:\Program Files (x86)\Yarn\lib\cli.js:103:13
